This is pdfTeX, Version 3.14159265-2.6-1.40.21 (MiKTeX 20.11 32-bit) (preloaded format=pdflatex 2021.7.16)  16 AUG 2021 15:41
entering extended mode
**./ejemploa.tex
(ejemploa.tex
LaTeX2e <2020-10-01> patch level 2
L3 programming layer <2020-10-27> xparse <2020-03-03>
("C:\Users\JUAN DAVID\AppData\Local\Programs\MiKTeX\tex/latex/examdesign\examde
sign.cls"
File: examdesign.dtx 

Document Class: examdesign 
\c@passes=\count175
("C:\Users\JUAN DAVID\AppData\Local\Programs\MiKTeX\tex/latex/base\article.cls"
Document Class: article 2020/04/10 v1.4m Standard LaTeX document class
("C:\Users\JUAN DAVID\AppData\Local\Programs\MiKTeX\tex/latex/base\size10.clo"
File: size10.clo 2020/04/10 v1.4m Standard LaTeX file (size option)
)
\c@part=\count176
\c@section=\count177
\c@subsection=\count178
\c@subsubsection=\count179
\c@paragraph=\count180
\c@subparagraph=\count181
\c@figure=\count182
\c@table=\count183
\abovecaptionskip=\skip47
\belowcaptionskip=\skip48
\bibindent=\dimen138
)
("C:\Users\JUAN DAVID\AppData\Local\Programs\MiKTeX\tex/latex/tools\enumerate.s
ty"
Package: enumerate 2015/07/23 v3.00 enumerate extensions (DPC)
\@enLab=\toks15
)
("C:\Users\JUAN DAVID\AppData\Local\Programs\MiKTeX\tex/latex/tools\multicol.st
y"
Package: multicol 2019/12/09 v1.8y multicolumn formatting (FMi)
\c@tracingmulticols=\count184
\mult@box=\box47
\multicol@leftmargin=\dimen139
\c@unbalance=\count185
\c@collectmore=\count186
\doublecol@number=\count187
\multicoltolerance=\count188
\multicolpretolerance=\count189
\full@width=\dimen140
\page@free=\dimen141
\premulticols=\dimen142
\postmulticols=\dimen143
\multicolsep=\skip49
\multicolbaselineskip=\skip50
\partial@page=\box48
\last@line=\box49
\maxbalancingoverflow=\dimen144
\mult@rightbox=\box50
\mult@grightbox=\box51
\mult@gfirstbox=\box52
\mult@firstbox=\box53
\@tempa=\box54
\@tempa=\box55
\@tempa=\box56
\@tempa=\box57
\@tempa=\box58
\@tempa=\box59
\@tempa=\box60
\@tempa=\box61
\@tempa=\box62
\@tempa=\box63
\@tempa=\box64
\@tempa=\box65
\@tempa=\box66
\@tempa=\box67
\@tempa=\box68
\@tempa=\box69
\@tempa=\box70
\@tempa=\box71
\@tempa=\box72
\@tempa=\box73
\@tempa=\box74
\@tempa=\box75
\@tempa=\box76
\@tempa=\box77
\@tempa=\box78
\@tempa=\box79
\@tempa=\box80
\@tempa=\box81
\@tempa=\box82
\@tempa=\box83
\@tempa=\box84
\@tempa=\box85
\@tempa=\box86
\@tempa=\box87
\@tempa=\box88
\@tempa=\box89
\@tempa=\box90
\c@minrows=\count190
\c@columnbadness=\count191
\c@finalcolumnbadness=\count192
\last@try=\dimen145
\multicolovershoot=\dimen146
\multicolundershoot=\dimen147
\mult@nat@firstbox=\box91
\colbreak@box=\box92
\mc@col@check@num=\count193
)
("C:\Users\JUAN DAVID\AppData\Local\Programs\MiKTeX\tex/latex/graphics\keyval.s
ty"
Package: keyval 2014/10/28 v1.15 key=value parser (DPC)
\KV@toks@=\toks16
)
\randomi=\count194
\ranval=\count195
\UL@box=\box93
\UL@hyphenbox=\box94
\UL@skip=\skip51
\UL@pe=\count196
\UL@pixel=\dimen148
\ULC@box=\box95
\ULdepth=\dimen149
\c@questionnumber=\count197
\c@extract=\count198
\c@question=\count199
\c@length=\count266
\c@temp=\count267
\c@wordtemp=\count268
\c@form=\count269
\c@version=\count270
\c@current@section=\count271
\c@current@question=\count272
\c@innerloop=\count273
\c@sect=\count274
\c@sectionindex=\count275
\c@answer=\count276
\c@choice=\count277
\c@mcquestion=\count278
\c@mcchoice=\count279
\c@savelistcnt=\count280
\blank@length=\skip52
\temp@length=\skip53
\temp@@length=\skip54
\namedata@vspace=\skip55
\beforesectsep=\skip56
\aftersectsep=\skip57
\beforeinstsep=\skip58
\afterinstsep=\skip59
\temptoks=\toks17
\temp@toks=\toks18
\exam@c=\count281
\exam@n=\count282
\exam@m=\count283
 Randomizer initialized to 1103958463.
\@toklist=\toks19
\c@first=\count284
\c@last=\count285
\c@exam@tf=\count286
)
("C:\Users\JUAN DAVID\AppData\Local\Programs\MiKTeX\tex/generic/babel\babel.sty
"
Package: babel 2021/06/28 3.61 The Babel package

("C:\Users\JUAN DAVID\AppData\Local\Programs\MiKTeX\tex/generic/babel\babel.def
"
File: babel.def 2021/06/28 3.61 Babel common definitions
\babel@savecnt=\count287
\U@D=\dimen150
\l@unhyphenated=\language79

("C:\Users\JUAN DAVID\AppData\Local\Programs\MiKTeX\tex/generic/babel\txtbabel.
def")
\bbl@readstream=\read2
)
\bbl@dirlevel=\count288

*************************************
* Local config file bblopts.cfg used
*
("C:\Users\JUAN DAVID\AppData\Local\Programs\MiKTeX\tex/latex/arabi\bblopts.cfg
"
File: bblopts.cfg 2005/09/08 v0.1 add Arabic and Farsi to "declared" options of
 babel
)
("C:\Users\JUAN DAVID\AppData\Local\Programs\MiKTeX\tex/latex/babel-spanish\spa
nish.ldf"
Language: spanish.ldf 2021/05/27 v5.0q Spanish support from the babel system
\es@quottoks=\toks20
\es@quotdepth=\count289
Package babel Info: Making " an active character on input line 570.
Package babel Info: Making . an active character on input line 675.
Package babel Info: Making < an active character on input line 722.
Package babel Info: Making > an active character on input line 722.
))
("C:\Users\JUAN DAVID\AppData\Local\Programs\MiKTeX\tex/latex/base\inputenc.sty
"
Package: inputenc 2020/08/01 v1.3d Input encoding file
\inpenc@prehook=\toks21
\inpenc@posthook=\toks22
)
("C:\Users\JUAN DAVID\AppData\Local\Programs\MiKTeX\tex/latex/base\fontenc.sty"
Package: fontenc 2020/08/10 v2.0s Standard LaTeX package
)
("C:\Users\JUAN DAVID\AppData\Local\Programs\MiKTeX\tex/latex/amsmath\amsmath.s
ty"
Package: amsmath 2021/04/20 v2.17j AMS math features
\@mathmargin=\skip60

For additional information on amsmath, use the `?' option.

("C:\Users\JUAN DAVID\AppData\Local\Programs\MiKTeX\tex/latex/amsmath\amstext.s
ty"
Package: amstext 2000/06/29 v2.01 AMS text

("C:\Users\JUAN DAVID\AppData\Local\Programs\MiKTeX\tex/latex/amsmath\amsgen.st
y"
File: amsgen.sty 1999/11/30 v2.0 generic functions
\@emptytoks=\toks23
\ex@=\dimen151
))
("C:\Users\JUAN DAVID\AppData\Local\Programs\MiKTeX\tex/latex/amsmath\amsbsy.st
y"
Package: amsbsy 1999/11/29 v1.2d Bold Symbols
\pmbraise@=\dimen152
)
("C:\Users\JUAN DAVID\AppData\Local\Programs\MiKTeX\tex/latex/amsmath\amsopn.st
y"
Package: amsopn 2016/03/08 v2.02 operator names
)
\inf@bad=\count290
LaTeX Info: Redefining \frac on input line 234.
\uproot@=\count291
\leftroot@=\count292
LaTeX Info: Redefining \overline on input line 399.
\classnum@=\count293
\DOTSCASE@=\count294
LaTeX Info: Redefining \ldots on input line 496.
LaTeX Info: Redefining \dots on input line 499.
LaTeX Info: Redefining \cdots on input line 620.
\Mathstrutbox@=\box96
\strutbox@=\box97
\big@size=\dimen153
LaTeX Font Info:    Redeclaring font encoding OML on input line 743.
LaTeX Font Info:    Redeclaring font encoding OMS on input line 744.
\macc@depth=\count295
\c@MaxMatrixCols=\count296
\dotsspace@=\muskip16
\c@parentequation=\count297
\dspbrk@lvl=\count298
\tag@help=\toks24
\row@=\count299
\column@=\count300
\maxfields@=\count301
\andhelp@=\toks25
\eqnshift@=\dimen154
\alignsep@=\dimen155
\tagshift@=\dimen156
\tagwidth@=\dimen157
\totwidth@=\dimen158
\lineht@=\dimen159
\@envbody=\toks26
\multlinegap=\skip61
\multlinetaggap=\skip62
\mathdisplay@stack=\toks27
LaTeX Info: Redefining \[ on input line 2923.
LaTeX Info: Redefining \] on input line 2924.
)
("C:\Users\JUAN DAVID\AppData\Local\Programs\MiKTeX\tex/latex/l3backend\l3backe
nd-pdftex.def"
File: l3backend-pdftex.def 2020-09-24 L3 backend support: PDF output (pdfTeX)
\l__kernel_color_stack_int=\count302
\l__pdf_internal_box=\box98
) (ejemploa.aux
LaTeX Info: Redefining \. on input line 8.
LaTeX Info: Redefining \% on input line 8.
)
\openout1 = `ejemploa.aux'.

LaTeX Font Info:    Checking defaults for OML/cmm/m/it on input line 10.
LaTeX Font Info:    ... okay on input line 10.
LaTeX Font Info:    Checking defaults for OMS/cmsy/m/n on input line 10.
LaTeX Font Info:    ... okay on input line 10.
LaTeX Font Info:    Checking defaults for OT1/cmr/m/n on input line 10.
LaTeX Font Info:    ... okay on input line 10.
LaTeX Font Info:    Checking defaults for T1/cmr/m/n on input line 10.
LaTeX Font Info:    ... okay on input line 10.
LaTeX Font Info:    Checking defaults for TS1/cmr/m/n on input line 10.
LaTeX Font Info:    ... okay on input line 10.
LaTeX Font Info:    Checking defaults for OMX/cmex/m/n on input line 10.
LaTeX Font Info:    ... okay on input line 10.
LaTeX Font Info:    Checking defaults for U/cmr/m/n on input line 10.
LaTeX Font Info:    ... okay on input line 10.
LaTeX Info: Redefining \. on input line 10.
LaTeX Info: Redefining \% on input line 10.
\qlist@sec1=\toks28
\qlist@scr@sec1=\toks29
LaTeX Font Info:    Trying to load font information for T1+cmss on input line 9
5.

("C:\Users\JUAN DAVID\AppData\Local\Programs\MiKTeX\tex/latex/base\t1cmss.fd"
File: t1cmss.fd 2019/12/16 v2.5j Standard LaTeX font definitions
)
Scrambling section 1, question: 
5, 7, 2, 4, 1, 8, 3, 6. [1

{C:/Users/JUAN DAVID/AppData/Local/MiKTeX/pdftex/config/pdftex.map}] (ejemploa.
aux
LaTeX Info: Redefining \. on input line 8.
LaTeX Info: Redefining \% on input line 8.
) ) 
Here is how much of TeX's memory you used:
 3146 strings out of 479799
 44328 string characters out of 2867321
 339508 words of memory out of 3000000
 20157 multiletter control sequences out of 15000+200000
 537936 words of font info for 35 fonts, out of 3000000 for 9000
 1141 hyphenation exceptions out of 8191
 65i,8n,72p,234b,361s stack positions out of 5000i,500n,10000p,200000b,50000s
{C:/Users/JUAN DAVID/AppData/Local/Programs/MiKTeX/fonts/enc/dvips/cm-super/
cm-super-t1.enc}<C:/Users/JUAN DAVID/AppData/Local/Programs/MiKTeX/fonts/type1/
public/amsfonts/cm/cmmi10.pfb><C:/Users/JUAN DAVID/AppData/Local/Programs/MiKTe
X/fonts/type1/public/amsfonts/cm/cmr10.pfb><C:/Users/JUAN DAVID/AppData/Local/P
rograms/MiKTeX/fonts/type1/public/cm-super/sfrm1000.pfb><C:/Users/JUAN DAVID/Ap
pData/Local/Programs/MiKTeX/fonts/type1/public/cm-super/sfrm1200.pfb><C:/Users/
JUAN DAVID/AppData/Local/Programs/MiKTeX/fonts/type1/public/cm-super/sfss1000.p
fb>
Output written on ejemploa.pdf (1 page, 61880 bytes).
PDF statistics:
 27 PDF objects out of 1000 (max. 8388607)
 0 named destinations out of 1000 (max. 500000)
 1 words of extra memory for PDF output out of 10000 (max. 10000000)

